<?xml version="1.0" encoding="UTF-8"?>
<!-- Generated by org.testng.reporters.JUnitReportReporter -->
<testsuite hostname="NLPULTP7204778" failures="0" tests="2" name="sampleExtentreport.ExtendReportTestNG" time="90.443" errors="0" timestamp="2023-12-20T15:32:09 IST" skipped="0">
  <testcase classname="sampleExtentreport.ExtendReportTestNG" name="test2" time="83.267"/>
  <testcase classname="sampleExtentreport.ExtendReportTestNG" name="test1" time="7.176"/>
</testsuite> <!-- sampleExtentreport.ExtendReportTestNG -->
