<?xml version="1.0" encoding="UTF-8"?>
<!-- Generated by org.testng.reporters.JUnitReportReporter -->
<testsuite hostname="NLPULTP7204778" failures="0" tests="2" name="annotationTestNg.TestNGFlow" time="0.006" errors="0" timestamp="2023-12-27T18:30:34 IST" skipped="0">
  <testcase classname="annotationTestNg.TestNGFlow" name="MyTest2" time="0.002"/>
  <testcase classname="annotationTestNg.TestNGFlow" name="MyTest1" time="0.004"/>
</testsuite> <!-- annotationTestNg.TestNGFlow -->
