<?xml version="1.0" encoding="UTF-8"?>
<!-- Generated by org.testng.reporters.JUnitReportReporter -->
<testsuite hostname="NLPULTP7204778" failures="0" tests="1" name="ListenerDemo.Xmldemo1" time="0.002" errors="0" timestamp="2023-10-26T17:12:00 IST" skipped="0">
  <testcase classname="ListenerDemo.Xmldemo1" name="xmltest" time="0.002"/>
</testsuite> <!-- ListenerDemo.Xmldemo1 -->
