<?xml version="1.0" encoding="UTF-8"?>
<!-- Generated by org.testng.reporters.JUnitReportReporter -->
<testsuite hostname="NLPULTP7204778" failures="0" tests="1" name="testNGtutorials.VerifyTitlespagesource" time="26.770" errors="0" timestamp="2023-10-24T16:27:14 IST" skipped="0">
  <testcase classname="testNGtutorials.VerifyTitlespagesource" name="Verifytitlepage" time="26.770"/>
</testsuite> <!-- testNGtutorials.VerifyTitlespagesource -->
