<?xml version="1.0" encoding="UTF-8"?>
<!-- Generated by org.testng.reporters.JUnitReportReporter -->
<testsuite hostname="NLPULTP7204778" failures="0" tests="2" name="crossbrowsertesting.VerifyPagetitle" time="93.778" errors="0" timestamp="2023-10-26T14:10:58 IST" skipped="0">
  <testcase classname="crossbrowsertesting.VerifyPagetitle" name="Verifytitle" time="47.036"/>
  <testcase classname="crossbrowsertesting.VerifyPagetitle" name="Verifytitle" time="46.742"/>
</testsuite> <!-- crossbrowsertesting.VerifyPagetitle -->
