<?xml version="1.0" encoding="UTF-8"?>
<!-- Generated by org.testng.reporters.JUnitReportReporter -->
<testsuite hostname="NLPULTP7204778" failures="0" tests="2" name="utils.LearnDataProvider" time="103.415" errors="0" timestamp="2023-12-27T12:52:44 IST" skipped="0">
  <testcase classname="utils.LearnDataProvider" name="login" time="50.975"/>
  <testcase classname="utils.LearnDataProvider" name="login" time="52.440"/>
</testsuite> <!-- utils.LearnDataProvider -->
