<?xml version="1.0" encoding="UTF-8"?>
<!-- Generated by org.testng.reporters.JUnitReportReporter -->
<testsuite hostname="NLPULTP7204778" failures="0" tests="2" name="sampleExtentReport2.MyTest" time="0.011" errors="0" timestamp="2023-12-22T15:02:27 IST" skipped="0">
  <testcase classname="sampleExtentReport2.MyTest" name="MyTest2" time="0.009"/>
  <testcase classname="sampleExtentReport2.MyTest" name="MyTest1" time="0.002"/>
</testsuite> <!-- sampleExtentReport2.MyTest -->
